2020-07-31 18:38:07.196 WARN [main][EndpointId.java:155] - Endpoint ID 'service-registry' contains invalid characters, please migrate to a valid format.
2020-07-31 18:38:07.298 WARN [main][EndpointId.java:155] - Endpoint ID 'hystrix.stream' contains invalid characters, please migrate to a valid format.
2020-07-31 18:38:12.849 WARN [main][URLConfigurationSource.java:121] - No URLs will be polled as dynamic configuration sources.
2020-07-31 18:38:18.422 WARN [main][URLConfigurationSource.java:121] - No URLs will be polled as dynamic configuration sources.
2020-07-31 18:38:23.734 WARN [main][SpringCloudSecurityAutoConfiguration.java:38] - All Spring Cloud Security modules and starters are deprecated. They will be moved to individual projects in the next major release.
2020-07-31 18:38:26.120 WARN [main][InstanceInfoReplicator.java:110] - Ignoring onDemand update due to rate limiter
2020-07-31 18:38:27.273 WARN [DiscoveryClient-InstanceInfoReplicator-0][Archaius1Utils.java:35] - Cannot find the properties specified : eureka-client. This may be okay if there are other environment specific properties or the configuration is installed with a different mechanism.
2020-07-31 18:38:27.276 WARN [DiscoveryClient-InstanceInfoReplicator-0][Archaius1Utils.java:35] - Cannot find the properties specified : eureka-client. This may be okay if there are other environment specific properties or the configuration is installed with a different mechanism.
2020-07-31 18:38:27.298 WARN [DiscoveryClient-InstanceInfoReplicator-0][Archaius1Utils.java:35] - Cannot find the properties specified : eureka-client. This may be okay if there are other environment specific properties or the configuration is installed with a different mechanism.
2020-07-31 18:38:28.206 WARN [NettyClientSelector_RMROLE_1_1][EnhancedServiceLoader.java:489] - Load [io.seata.serializer.hessian.HessianSerializer] class fail. com/caucho/hessian/io/AbstractHessianOutput
2020-07-31 18:41:26.177 WARN [main][EndpointId.java:155] - Endpoint ID 'service-registry' contains invalid characters, please migrate to a valid format.
2020-07-31 18:41:26.248 WARN [main][EndpointId.java:155] - Endpoint ID 'hystrix.stream' contains invalid characters, please migrate to a valid format.
2020-07-31 18:41:33.631 WARN [main][URLConfigurationSource.java:121] - No URLs will be polled as dynamic configuration sources.
2020-07-31 18:41:38.561 WARN [main][URLConfigurationSource.java:121] - No URLs will be polled as dynamic configuration sources.
2020-07-31 18:41:43.138 WARN [main][SpringCloudSecurityAutoConfiguration.java:38] - All Spring Cloud Security modules and starters are deprecated. They will be moved to individual projects in the next major release.
2020-07-31 18:41:46.413 WARN [main][InstanceInfoReplicator.java:110] - Ignoring onDemand update due to rate limiter
2020-07-31 18:41:48.163 WARN [DiscoveryClient-InstanceInfoReplicator-0][Archaius1Utils.java:35] - Cannot find the properties specified : eureka-client. This may be okay if there are other environment specific properties or the configuration is installed with a different mechanism.
2020-07-31 18:41:48.165 WARN [DiscoveryClient-InstanceInfoReplicator-0][Archaius1Utils.java:35] - Cannot find the properties specified : eureka-client. This may be okay if there are other environment specific properties or the configuration is installed with a different mechanism.
2020-07-31 18:41:48.193 WARN [DiscoveryClient-InstanceInfoReplicator-0][Archaius1Utils.java:35] - Cannot find the properties specified : eureka-client. This may be okay if there are other environment specific properties or the configuration is installed with a different mechanism.
2020-07-31 18:41:49.880 WARN [NettyClientSelector_RMROLE_1_1][EnhancedServiceLoader.java:489] - Load [io.seata.serializer.hessian.HessianSerializer] class fail. com/caucho/hessian/io/AbstractHessianOutput
2020-07-31 19:00:14.765 WARN [main][EndpointId.java:155] - Endpoint ID 'service-registry' contains invalid characters, please migrate to a valid format.
2020-07-31 19:00:14.821 WARN [main][EndpointId.java:155] - Endpoint ID 'hystrix.stream' contains invalid characters, please migrate to a valid format.
2020-07-31 19:00:19.019 WARN [main][URLConfigurationSource.java:121] - No URLs will be polled as dynamic configuration sources.
2020-07-31 19:00:22.653 WARN [main][URLConfigurationSource.java:121] - No URLs will be polled as dynamic configuration sources.
2020-07-31 19:00:25.329 WARN [main][SpringCloudSecurityAutoConfiguration.java:38] - All Spring Cloud Security modules and starters are deprecated. They will be moved to individual projects in the next major release.
2020-07-31 19:00:27.324 WARN [main][InstanceInfoReplicator.java:110] - Ignoring onDemand update due to rate limiter
2020-07-31 19:00:28.872 WARN [DiscoveryClient-InstanceInfoReplicator-0][Archaius1Utils.java:35] - Cannot find the properties specified : eureka-client. This may be okay if there are other environment specific properties or the configuration is installed with a different mechanism.
2020-07-31 19:00:28.879 WARN [DiscoveryClient-InstanceInfoReplicator-0][Archaius1Utils.java:35] - Cannot find the properties specified : eureka-client. This may be okay if there are other environment specific properties or the configuration is installed with a different mechanism.
2020-07-31 19:00:28.900 WARN [DiscoveryClient-InstanceInfoReplicator-0][Archaius1Utils.java:35] - Cannot find the properties specified : eureka-client. This may be okay if there are other environment specific properties or the configuration is installed with a different mechanism.
2020-07-31 19:00:29.846 WARN [NettyClientSelector_RMROLE_1_1][EnhancedServiceLoader.java:489] - Load [io.seata.serializer.hessian.HessianSerializer] class fail. com/caucho/hessian/io/AbstractHessianOutput
2020-07-31 19:02:23.189 WARN [http-nio-8094-exec-4][EnhancedServiceLoader.java:489] - Load [io.seata.rm.datasource.undo.parser.ProtostuffUndoLogParser] class fail. io/protostuff/runtime/IdStrategy
2020-07-31 19:04:34.387 WARN [main][EndpointId.java:155] - Endpoint ID 'service-registry' contains invalid characters, please migrate to a valid format.
2020-07-31 19:04:34.419 WARN [main][EndpointId.java:155] - Endpoint ID 'hystrix.stream' contains invalid characters, please migrate to a valid format.
2020-07-31 19:04:37.111 WARN [main][URLConfigurationSource.java:121] - No URLs will be polled as dynamic configuration sources.
2020-07-31 19:04:39.327 WARN [main][URLConfigurationSource.java:121] - No URLs will be polled as dynamic configuration sources.
2020-07-31 19:04:41.007 WARN [main][SpringCloudSecurityAutoConfiguration.java:38] - All Spring Cloud Security modules and starters are deprecated. They will be moved to individual projects in the next major release.
2020-07-31 19:04:42.163 WARN [main][InstanceInfoReplicator.java:110] - Ignoring onDemand update due to rate limiter
2020-07-31 19:04:42.839 WARN [DiscoveryClient-InstanceInfoReplicator-0][Archaius1Utils.java:35] - Cannot find the properties specified : eureka-client. This may be okay if there are other environment specific properties or the configuration is installed with a different mechanism.
2020-07-31 19:04:42.841 WARN [DiscoveryClient-InstanceInfoReplicator-0][Archaius1Utils.java:35] - Cannot find the properties specified : eureka-client. This may be okay if there are other environment specific properties or the configuration is installed with a different mechanism.
2020-07-31 19:04:42.852 WARN [DiscoveryClient-InstanceInfoReplicator-0][Archaius1Utils.java:35] - Cannot find the properties specified : eureka-client. This may be okay if there are other environment specific properties or the configuration is installed with a different mechanism.
2020-07-31 19:04:43.358 WARN [NettyClientSelector_RMROLE_1_1][EnhancedServiceLoader.java:489] - Load [io.seata.serializer.hessian.HessianSerializer] class fail. com/caucho/hessian/io/AbstractHessianOutput
2020-07-31 19:05:13.729 WARN [http-nio-8094-exec-5][EnhancedServiceLoader.java:489] - Load [io.seata.rm.datasource.undo.parser.ProtostuffUndoLogParser] class fail. io/protostuff/runtime/IdStrategy
2020-07-31 21:08:38.666 WARN [main][EndpointId.java:155] - Endpoint ID 'service-registry' contains invalid characters, please migrate to a valid format.
2020-07-31 21:08:38.720 WARN [main][EndpointId.java:155] - Endpoint ID 'hystrix.stream' contains invalid characters, please migrate to a valid format.
2020-07-31 21:08:41.607 WARN [main][URLConfigurationSource.java:121] - No URLs will be polled as dynamic configuration sources.
2020-07-31 21:08:43.774 WARN [main][URLConfigurationSource.java:121] - No URLs will be polled as dynamic configuration sources.
2020-07-31 21:08:45.357 WARN [main][SpringCloudSecurityAutoConfiguration.java:38] - All Spring Cloud Security modules and starters are deprecated. They will be moved to individual projects in the next major release.
2020-07-31 21:08:46.647 WARN [main][InstanceInfoReplicator.java:110] - Ignoring onDemand update due to rate limiter
2020-07-31 21:08:47.525 WARN [DiscoveryClient-InstanceInfoReplicator-0][Archaius1Utils.java:35] - Cannot find the properties specified : eureka-client. This may be okay if there are other environment specific properties or the configuration is installed with a different mechanism.
2020-07-31 21:08:47.526 WARN [DiscoveryClient-InstanceInfoReplicator-0][Archaius1Utils.java:35] - Cannot find the properties specified : eureka-client. This may be okay if there are other environment specific properties or the configuration is installed with a different mechanism.
2020-07-31 21:08:47.542 WARN [DiscoveryClient-InstanceInfoReplicator-0][Archaius1Utils.java:35] - Cannot find the properties specified : eureka-client. This may be okay if there are other environment specific properties or the configuration is installed with a different mechanism.
2020-07-31 21:08:48.226 WARN [NettyClientSelector_RMROLE_1_1][EnhancedServiceLoader.java:489] - Load [io.seata.serializer.hessian.HessianSerializer] class fail. com/caucho/hessian/io/AbstractHessianOutput
2020-07-31 21:17:23.562 WARN [http-nio-8094-exec-1][EnhancedServiceLoader.java:489] - Load [io.seata.rm.datasource.undo.parser.ProtostuffUndoLogParser] class fail. io/protostuff/runtime/IdStrategy
2020-07-31 21:30:33.468 WARN [main][EndpointId.java:155] - Endpoint ID 'service-registry' contains invalid characters, please migrate to a valid format.
2020-07-31 21:30:33.514 WARN [main][EndpointId.java:155] - Endpoint ID 'hystrix.stream' contains invalid characters, please migrate to a valid format.
2020-07-31 21:30:36.584 WARN [main][URLConfigurationSource.java:121] - No URLs will be polled as dynamic configuration sources.
2020-07-31 21:30:39.017 WARN [main][URLConfigurationSource.java:121] - No URLs will be polled as dynamic configuration sources.
2020-07-31 21:30:40.833 WARN [main][SpringCloudSecurityAutoConfiguration.java:38] - All Spring Cloud Security modules and starters are deprecated. They will be moved to individual projects in the next major release.
2020-07-31 21:30:42.100 WARN [main][InstanceInfoReplicator.java:110] - Ignoring onDemand update due to rate limiter
2020-07-31 21:30:43.173 WARN [DiscoveryClient-InstanceInfoReplicator-0][Archaius1Utils.java:35] - Cannot find the properties specified : eureka-client. This may be okay if there are other environment specific properties or the configuration is installed with a different mechanism.
2020-07-31 21:30:43.173 WARN [DiscoveryClient-InstanceInfoReplicator-0][Archaius1Utils.java:35] - Cannot find the properties specified : eureka-client. This may be okay if there are other environment specific properties or the configuration is installed with a different mechanism.
2020-07-31 21:30:43.189 WARN [DiscoveryClient-InstanceInfoReplicator-0][Archaius1Utils.java:35] - Cannot find the properties specified : eureka-client. This may be okay if there are other environment specific properties or the configuration is installed with a different mechanism.
2020-07-31 21:30:43.908 WARN [NettyClientSelector_RMROLE_1_1][EnhancedServiceLoader.java:489] - Load [io.seata.serializer.hessian.HessianSerializer] class fail. com/caucho/hessian/io/AbstractHessianOutput
2020-07-31 21:33:52.224 WARN [http-nio-8094-exec-6][EnhancedServiceLoader.java:489] - Load [io.seata.rm.datasource.undo.parser.ProtostuffUndoLogParser] class fail. io/protostuff/runtime/IdStrategy
2020-07-31 21:36:51.137 WARN [main][EndpointId.java:155] - Endpoint ID 'service-registry' contains invalid characters, please migrate to a valid format.
2020-07-31 21:36:51.169 WARN [main][EndpointId.java:155] - Endpoint ID 'hystrix.stream' contains invalid characters, please migrate to a valid format.
2020-07-31 21:36:54.389 WARN [main][URLConfigurationSource.java:121] - No URLs will be polled as dynamic configuration sources.
2020-07-31 21:36:56.682 WARN [main][URLConfigurationSource.java:121] - No URLs will be polled as dynamic configuration sources.
2020-07-31 21:36:58.578 WARN [main][SpringCloudSecurityAutoConfiguration.java:38] - All Spring Cloud Security modules and starters are deprecated. They will be moved to individual projects in the next major release.
2020-07-31 21:36:59.972 WARN [main][InstanceInfoReplicator.java:110] - Ignoring onDemand update due to rate limiter
2020-07-31 21:37:01.084 WARN [DiscoveryClient-InstanceInfoReplicator-0][Archaius1Utils.java:35] - Cannot find the properties specified : eureka-client. This may be okay if there are other environment specific properties or the configuration is installed with a different mechanism.
2020-07-31 21:37:01.086 WARN [DiscoveryClient-InstanceInfoReplicator-0][Archaius1Utils.java:35] - Cannot find the properties specified : eureka-client. This may be okay if there are other environment specific properties or the configuration is installed with a different mechanism.
2020-07-31 21:37:01.103 WARN [DiscoveryClient-InstanceInfoReplicator-0][Archaius1Utils.java:35] - Cannot find the properties specified : eureka-client. This may be okay if there are other environment specific properties or the configuration is installed with a different mechanism.
2020-07-31 21:37:02.385 WARN [NettyClientSelector_RMROLE_1_1][EnhancedServiceLoader.java:489] - Load [io.seata.serializer.hessian.HessianSerializer] class fail. com/caucho/hessian/io/AbstractHessianOutput
2020-07-31 21:37:21.666 WARN [http-nio-8094-exec-3][EnhancedServiceLoader.java:489] - Load [io.seata.rm.datasource.undo.parser.ProtostuffUndoLogParser] class fail. io/protostuff/runtime/IdStrategy
2020-07-31 21:51:40.957 WARN [main][EndpointId.java:155] - Endpoint ID 'service-registry' contains invalid characters, please migrate to a valid format.
2020-07-31 21:51:40.992 WARN [main][EndpointId.java:155] - Endpoint ID 'hystrix.stream' contains invalid characters, please migrate to a valid format.
2020-07-31 21:51:43.950 WARN [main][URLConfigurationSource.java:121] - No URLs will be polled as dynamic configuration sources.
2020-07-31 21:51:44.680 WARN [main][Archaius1Utils.java:35] - Cannot find the properties specified : eureka-client. This may be okay if there are other environment specific properties or the configuration is installed with a different mechanism.
2020-07-31 21:51:44.680 WARN [main][Archaius1Utils.java:35] - Cannot find the properties specified : eureka-client. This may be okay if there are other environment specific properties or the configuration is installed with a different mechanism.
2020-07-31 21:51:44.747 WARN [main][Archaius1Utils.java:35] - Cannot find the properties specified : eureka-client. This may be okay if there are other environment specific properties or the configuration is installed with a different mechanism.
2020-07-31 21:51:46.868 WARN [NettyClientSelector_RMROLE_1_1][EnhancedServiceLoader.java:489] - Load [io.seata.serializer.hessian.HessianSerializer] class fail. com/caucho/hessian/io/AbstractHessianOutput
2020-07-31 21:51:48.577 WARN [main][URLConfigurationSource.java:121] - No URLs will be polled as dynamic configuration sources.
2020-07-31 21:51:50.316 WARN [main][SpringCloudSecurityAutoConfiguration.java:38] - All Spring Cloud Security modules and starters are deprecated. They will be moved to individual projects in the next major release.
2020-07-31 21:51:50.720 WARN [main][InstanceInfoReplicator.java:110] - Ignoring onDemand update due to rate limiter
2020-07-31 21:53:07.231 WARN [http-nio-8094-exec-4][EnhancedServiceLoader.java:489] - Load [io.seata.rm.datasource.undo.parser.ProtostuffUndoLogParser] class fail. io/protostuff/runtime/IdStrategy
2020-07-31 21:59:20.861 WARN [main][EndpointId.java:155] - Endpoint ID 'service-registry' contains invalid characters, please migrate to a valid format.
2020-07-31 21:59:20.917 WARN [main][EndpointId.java:155] - Endpoint ID 'hystrix.stream' contains invalid characters, please migrate to a valid format.
2020-07-31 21:59:23.658 WARN [main][URLConfigurationSource.java:121] - No URLs will be polled as dynamic configuration sources.
2020-07-31 21:59:24.316 WARN [main][Archaius1Utils.java:35] - Cannot find the properties specified : eureka-client. This may be okay if there are other environment specific properties or the configuration is installed with a different mechanism.
2020-07-31 21:59:24.323 WARN [main][Archaius1Utils.java:35] - Cannot find the properties specified : eureka-client. This may be okay if there are other environment specific properties or the configuration is installed with a different mechanism.
2020-07-31 21:59:24.360 WARN [main][Archaius1Utils.java:35] - Cannot find the properties specified : eureka-client. This may be okay if there are other environment specific properties or the configuration is installed with a different mechanism.
2020-07-31 21:59:26.354 WARN [NettyClientSelector_RMROLE_1_1][EnhancedServiceLoader.java:489] - Load [io.seata.serializer.hessian.HessianSerializer] class fail. com/caucho/hessian/io/AbstractHessianOutput
2020-07-31 21:59:28.166 WARN [main][URLConfigurationSource.java:121] - No URLs will be polled as dynamic configuration sources.
2020-07-31 21:59:29.922 WARN [main][SpringCloudSecurityAutoConfiguration.java:38] - All Spring Cloud Security modules and starters are deprecated. They will be moved to individual projects in the next major release.
2020-07-31 21:59:30.302 WARN [main][InstanceInfoReplicator.java:110] - Ignoring onDemand update due to rate limiter
2020-07-31 22:00:17.728 WARN [http-nio-8094-exec-2][EnhancedServiceLoader.java:489] - Load [io.seata.rm.datasource.undo.parser.ProtostuffUndoLogParser] class fail. io/protostuff/runtime/IdStrategy
