#
# A fatal error has been detected by the Java Runtime Environment:
#
#  EXCEPTION_ACCESS_VIOLATION (0xc0000005) at pc=0x0000000007cb0a72, pid=7740, tid=0x0000000000003038
#
# JRE version: Java(TM) SE Runtime Environment (8.0_211-b12) (build 1.8.0_211-b12)
# Java VM: Java HotSpot(TM) 64-Bit Server VM (25.211-b12 mixed mode windows-amd64 compressed oops)
# Problematic frame:
# V  [jvm.dll+0xb0a72]
#
# Failed to write core dump. Minidumps are not enabled by default on client versions of Windows
#
# If you would like to submit a bug report, please visit:
#   http://bugreport.java.com/bugreport/crash.jsp
#

---------------  T H R E A D  ---------------

Current thread (0x000000000242c800):  GCTaskThread [stack: 0x00000000033b0000,0x00000000034b0000] [id=12344]

siginfo: ExceptionCode=0xc0000005, reading address 0x00000000000000e8

Registers:
RAX=0x0000000000000000, RBX=0x00000000ff4b0028, RCX=0x000000000072006f, RDX=0x00000000ff4b0028
RSP=0x00000000034af418, RBP=0x00000000024a0981, RSI=0x0000000005960a00, RDI=0x00000000f0128230
R8 =0x0000000000000000, R9 =0x000000000072006f, R10=0x0065007300730061, R11=0x00000000f26bed50
R12=0x00000000024a0940, R13=0x00770065006d0061, R14=0x0000000000000000, R15=0x000000000241d700
RIP=0x0000000007cb0a72, EFLAGS=0x0000000000010246

Top of Stack: (sp=0x00000000034af418)
0x00000000034af418:   00000000080044f2 00000000ff4b0fb0
0x00000000034af428:   0000000000000003 0000000005960a00
0x00000000034af438:   00000000fe90da70 00000000fe8cff80
0x00000000034af448:   0000000008004c3b 00000000f26bdcd8
0x00000000034af458:   0000000000000400 0000000000000000
0x00000000034af468:   0000000005960a00 00000000024a0940
0x00000000034af478:   0000000008004860 00000000f26bed2c
0x00000000034af488:   00000000024a0981 0000000005960a00
0x00000000034af498:   00000000f0128230 00000000f26bed2c
0x00000000034af4a8:   0000000008005405 00000000ff478000
0x00000000034af4b8:   00000000024a0981 0000000005960a00
0x00000000034af4c8:   0000000000000002 0000000005960a00
0x00000000034af4d8:   0000000007ced2ea 0000000000000000
0x00000000034af4e8:   0000000007d15860 0000000005960a00
0x00000000034af4f8:   0000000007d13e53 00000000f01224c5
0x00000000034af508:   00000000f01224c5 00000000f012813c 

Instructions: (pc=0x0000000007cb0a72)
0x0000000007cb0a52:   e2 49 8d 0c 11 49 f7 d1 48 03 c1 49 c1 e9 03 48
0x0000000007cb0a62:   c1 e8 03 41 23 c1 c3 48 8b 02 48 8b d1 49 8b c9
0x0000000007cb0a72:   48 ff a0 e8 00 00 00 cc cc cc cc cc cc cc 80 3d
0x0000000007cb0a82:   ba 5e 76 00 00 48 8b c1 74 1b 8b 51 08 8b 0d d3 


Register to memory mapping:

RAX=0x0000000000000000 is an unknown value
RBX=0x00000000ff4b0028 is an oop

[error occurred during error reporting (printing register info), id 0xc0000005]

Stack: [0x00000000033b0000,0x00000000034b0000],  sp=0x00000000034af418,  free space=1021k
Native frames: (J=compiled Java code, j=interpreted, Vv=VM code, C=native code)
V  [jvm.dll+0xb0a72]


---------------  P R O C E S S  ---------------

Java Threads: ( => current thread )
  0x000000005a7c7800 JavaThread "DiscoveryClient-0" daemon [_thread_blocked, id=7652, stack(0x00000000600e0000,0x00000000601e0000)]
  0x000000005e83f000 JavaThread "AsyncResolver-bootstrap-0" daemon [_thread_blocked, id=13008, stack(0x000000005eb70000,0x000000005ec70000)]
  0x0000000005b18800 JavaThread "Eureka-JerseyClient-Conn-Cleaner2" daemon [_thread_blocked, id=12904, stack(0x000000005d700000,0x000000005d800000)]
  0x000000005c92b800 JavaThread "spring.cloud.inetutils" daemon [_thread_blocked, id=5220, stack(0x000000005da90000,0x000000005db90000)]
  0x0000000005a82000 JavaThread "Service Thread" daemon [_thread_blocked, id=10816, stack(0x00000000074d0000,0x00000000075d0000)]
  0x0000000005a00000 JavaThread "C1 CompilerThread3" daemon [_thread_blocked, id=12824, stack(0x00000000073c0000,0x00000000074c0000)]
  0x00000000059fd000 JavaThread "C2 CompilerThread2" daemon [_thread_in_native, id=11788, stack(0x00000000068b0000,0x00000000069b0000)]
  0x00000000059f8800 JavaThread "C2 CompilerThread1" daemon [_thread_in_native, id=9444, stack(0x0000000007190000,0x0000000007290000)]
  0x00000000059e2000 JavaThread "C2 CompilerThread0" daemon [_thread_in_native, id=13268, stack(0x0000000007050000,0x0000000007150000)]
  0x00000000059cb800 JavaThread "Attach Listener" daemon [_thread_blocked, id=10564, stack(0x0000000006f30000,0x0000000007030000)]
  0x00000000059b3800 JavaThread "Signal Dispatcher" daemon [_thread_blocked, id=7000, stack(0x0000000006b00000,0x0000000006c00000)]
  0x00000000047f9800 JavaThread "Finalizer" daemon [_thread_blocked, id=7656, stack(0x0000000006d20000,0x0000000006e20000)]
  0x00000000047f1800 JavaThread "Reference Handler" daemon [_thread_blocked, id=12348, stack(0x0000000006c00000,0x0000000006d00000)]
  0x000000000240e000 JavaThread "main" [_thread_blocked, id=3640, stack(0x00000000027c0000,0x00000000028c0000)]

Other Threads:
  0x0000000005962800 VMThread [stack: 0x00000000069e0000,0x0000000006ae0000] [id=6580]
  0x0000000005a64800 WatcherThread [stack: 0x00000000072a0000,0x00000000073a0000] [id=2492]

=>0x000000000242c800 (exited) GCTaskThread [stack: 0x00000000033b0000,0x00000000034b0000] [id=12344]

VM state:at safepoint (normal execution)

VM Mutex/Monitor currently owned by a thread:  ([mutex/lock_event])
[0x000000000240c8d0] Threads_lock - owner thread: 0x0000000005962800
[0x000000000240cdd0] Heap_lock - owner thread: 0x000000000240e000

heap address: 0x00000000f0000000, size: 256 MB, Compressed Oops mode: 32-bit
Narrow klass base: 0x0000000000000000, Narrow klass shift: 0
Compressed class space size: 1073741824 Address: 0x00000000174b0000

Heap:
 PSYoungGen      total 74752K, used 66767K [0x00000000fab00000, 0x0000000100000000, 0x0000000100000000)
  eden space 62464K, 100% used [0x00000000fab00000,0x00000000fe800000,0x00000000fe800000)
  from space 12288K, 35% used [0x00000000ff400000,0x00000000ff833dd8,0x0000000100000000)
  to   space 12288K, 14% used [0x00000000fe800000,0x00000000fe9c7f80,0x00000000ff400000)
 ParOldGen       total 51200K, used 42095K [0x00000000f0000000, 0x00000000f3200000, 0x00000000fab00000)
  object space 51200K, 82% used [0x00000000f0000000,0x00000000f291bcd8,0x00000000f3200000)
 Metaspace       used 49272K, capacity 51036K, committed 51160K, reserved 1093632K
  class space    used 6487K, capacity 6828K, committed 6912K, reserved 1048576K

Card table byte_map: [0x00000000024a0000,0x0000000002530000] byte_map_base: 0x0000000001d20000

Marking Bits: (ParMarkBitMap*) 0x0000000008425ce0
 Begin Bits: [0x0000000003600000, 0x0000000003a00000)
 End Bits:   [0x0000000003a00000, 0x0000000003e00000)

Polling page: 0x0000000000420000

CodeCache: size=245760Kb used=16504Kb max_used=16504Kb free=229255Kb
 bounds [0x00000000084b0000, 0x00000000094e0000, 0x00000000174b0000]
 total_blobs=4918 nmethods=4418 adapters=412
 compilation: enabled

Compilation events (10 events):
Event: 8.344 Thread 0x0000000005a00000 5117       2       io.micrometer.shaded.org.pcollections.IntTree::<init> (44 bytes)
Event: 8.344 Thread 0x0000000005a00000 nmethod 5117 0x00000000094da950 code [0x00000000094daaa0, 0x00000000094dac50]
Event: 8.345 Thread 0x0000000005a00000 5118       2       java.lang.invoke.InnerClassLambdaMetafactory::generateFactory (136 bytes)
Event: 8.347 Thread 0x0000000005a00000 nmethod 5118 0x00000000094dad50 code [0x00000000094dafc0, 0x00000000094db968]
Event: 8.347 Thread 0x0000000005a00000 5119       1       org.apache.logging.log4j.core.config.LoggerConfig::isAdditive (5 bytes)
Event: 8.347 Thread 0x0000000005a00000 nmethod 5119 0x00000000094dc550 code [0x00000000094dc6a0, 0x00000000094dc7b0]
Event: 8.347 Thread 0x0000000005a00000 5120       2       io.micrometer.core.instrument.binder.logging.Log4j2Metrics$$Lambda$435/680561668::test (8 bytes)
Event: 8.347 Thread 0x0000000005a00000 nmethod 5120 0x00000000094dc810 code [0x00000000094dc960, 0x00000000094dcb10]
Event: 8.349 Thread 0x0000000005a00000 5122       2       io.micrometer.shaded.org.pcollections.IntTree::plus (111 bytes)
Event: 8.349 Thread 0x0000000005a00000 nmethod 5122 0x00000000094dcc90 code [0x00000000094dce40, 0x00000000094dd258]

GC Heap History (10 events):
Event: 6.287 GC heap after
Heap after GC invocations=20 (full 2):
 PSYoungGen      total 72704K, used 8162K [0x00000000fab00000, 0x00000000fff00000, 0x0000000100000000)
  eden space 60416K, 0% used [0x00000000fab00000,0x00000000fab00000,0x00000000fe600000)
  from space 12288K, 66% used [0x00000000ff300000,0x00000000ffaf8a50,0x00000000fff00000)
  to   space 12800K, 0% used [0x00000000fe600000,0x00000000fe600000,0x00000000ff280000)
 ParOldGen       total 51200K, used 31229K [0x00000000f0000000, 0x00000000f3200000, 0x00000000fab00000)
  object space 51200K, 60% used [0x00000000f0000000,0x00000000f1e7f4b8,0x00000000f3200000)
 Metaspace       used 39860K, capacity 40978K, committed 41048K, reserved 1085440K
  class space    used 5245K, capacity 5497K, committed 5504K, reserved 1048576K
}
Event: 6.580 GC heap before
{Heap before GC invocations=21 (full 2):
 PSYoungGen      total 72704K, used 68578K [0x00000000fab00000, 0x00000000fff00000, 0x0000000100000000)
  eden space 60416K, 100% used [0x00000000fab00000,0x00000000fe600000,0x00000000fe600000)
  from space 12288K, 66% used [0x00000000ff300000,0x00000000ffaf8a50,0x00000000fff00000)
  to   space 12800K, 0% used [0x00000000fe600000,0x00000000fe600000,0x00000000ff280000)
 ParOldGen       total 51200K, used 31229K [0x00000000f0000000, 0x00000000f3200000, 0x00000000fab00000)
  object space 51200K, 60% used [0x00000000f0000000,0x00000000f1e7f4b8,0x00000000f3200000)
 Metaspace       used 40750K, capacity 41878K, committed 41944K, reserved 1085440K
  class space    used 5360K, capacity 5603K, committed 5632K, reserved 1048576K
Event: 6.587 GC heap after
Heap after GC invocations=21 (full 2):
 PSYoungGen      total 73216K, used 7278K [0x00000000fab00000, 0x00000000fff80000, 0x0000000100000000)
  eden space 60416K, 0% used [0x00000000fab00000,0x00000000fab00000,0x00000000fe600000)
  from space 12800K, 56% used [0x00000000fe600000,0x00000000fed1ba98,0x00000000ff280000)
  to   space 12288K, 0% used [0x00000000ff380000,0x00000000ff380000,0x00000000fff80000)
 ParOldGen       total 51200K, used 32293K [0x00000000f0000000, 0x00000000f3200000, 0x00000000fab00000)
  object space 51200K, 63% used [0x00000000f0000000,0x00000000f1f894b8,0x00000000f3200000)
 Metaspace       used 40750K, capacity 41878K, committed 41944K, reserved 1085440K
  class space    used 5360K, capacity 5603K, committed 5632K, reserved 1048576K
}
Event: 6.881 GC heap before
{Heap before GC invocations=22 (full 2):
 PSYoungGen      total 73216K, used 67694K [0x00000000fab00000, 0x00000000fff80000, 0x0000000100000000)
  eden space 60416K, 100% used [0x00000000fab00000,0x00000000fe600000,0x00000000fe600000)
  from space 12800K, 56% used [0x00000000fe600000,0x00000000fed1ba98,0x00000000ff280000)
  to   space 12288K, 0% used [0x00000000ff380000,0x00000000ff380000,0x00000000fff80000)
 ParOldGen       total 51200K, used 32293K [0x00000000f0000000, 0x00000000f3200000, 0x00000000fab00000)
  object space 51200K, 63% used [0x00000000f0000000,0x00000000f1f894b8,0x00000000f3200000)
 Metaspace       used 41513K, capacity 42712K, committed 42840K, reserved 1087488K
  class space    used 5462K, capacity 5714K, committed 5760K, reserved 1048576K
Event: 6.903 GC heap after
Heap after GC invocations=22 (full 2):
 PSYoungGen      total 74240K, used 5013K [0x00000000fab00000, 0x00000000fff80000, 0x0000000100000000)
  eden space 61952K, 0% used [0x00000000fab00000,0x00000000fab00000,0x00000000fe780000)
  from space 12288K, 40% used [0x00000000ff380000,0x00000000ff8654e8,0x00000000fff80000)
  to   space 12288K, 0% used [0x00000000fe780000,0x00000000fe780000,0x00000000ff380000)
 ParOldGen       total 51200K, used 33845K [0x00000000f0000000, 0x00000000f3200000, 0x00000000fab00000)
  object space 51200K, 66% used [0x00000000f0000000,0x00000000f210d520,0x00000000f3200000)
 Metaspace       used 41513K, capacity 42712K, committed 42840K, reserved 1087488K
  class space    used 5462K, capacity 5714K, committed 5760K, reserved 1048576K
}
Event: 7.352 GC heap before
{Heap before GC invocations=23 (full 2):
 PSYoungGen      total 74240K, used 66965K [0x00000000fab00000, 0x00000000fff80000, 0x0000000100000000)
  eden space 61952K, 100% used [0x00000000fab00000,0x00000000fe780000,0x00000000fe780000)
  from space 12288K, 40% used [0x00000000ff380000,0x00000000ff8654e8,0x00000000fff80000)
  to   space 12288K, 0% used [0x00000000fe780000,0x00000000fe780000,0x00000000ff380000)
 ParOldGen       total 51200K, used 33845K [0x00000000f0000000, 0x00000000f3200000, 0x00000000fab00000)
  object space 51200K, 66% used [0x00000000f0000000,0x00000000f210d520,0x00000000f3200000)
 Metaspace       used 43532K, capacity 44828K, committed 45016K, reserved 1087488K
  class space    used 5789K, capacity 6056K, committed 6144K, reserved 1048576K
Event: 7.359 GC heap after
Heap after GC invocations=23 (full 2):
 PSYoungGen      total 74240K, used 5251K [0x00000000fab00000, 0x0000000100000000, 0x0000000100000000)
  eden space 61952K, 0% used [0x00000000fab00000,0x00000000fab00000,0x00000000fe780000)
  from space 12288K, 42% used [0x00000000fe780000,0x00000000feca0d70,0x00000000ff380000)
  to   space 12288K, 0% used [0x00000000ff400000,0x00000000ff400000,0x0000000100000000)
 ParOldGen       total 51200K, used 36781K [0x00000000f0000000, 0x00000000f3200000, 0x00000000fab00000)
  object space 51200K, 71% used [0x00000000f0000000,0x00000000f23eb520,0x00000000f3200000)
 Metaspace       used 43532K, capacity 44828K, committed 45016K, reserved 1087488K
  class space    used 5789K, capacity 6056K, committed 6144K, reserved 1048576K
}
Event: 7.904 GC heap before
{Heap before GC invocations=24 (full 2):
 PSYoungGen      total 74240K, used 67203K [0x00000000fab00000, 0x0000000100000000, 0x0000000100000000)
  eden space 61952K, 100% used [0x00000000fab00000,0x00000000fe780000,0x00000000fe780000)
  from space 12288K, 42% used [0x00000000fe780000,0x00000000feca0d70,0x00000000ff380000)
  to   space 12288K, 0% used [0x00000000ff400000,0x00000000ff400000,0x0000000100000000)
 ParOldGen       total 51200K, used 36781K [0x00000000f0000000, 0x00000000f3200000, 0x00000000fab00000)
  object space 51200K, 71% used [0x00000000f0000000,0x00000000f23eb520,0x00000000f3200000)
 Metaspace       used 46225K, capacity 47826K, committed 47960K, reserved 1091584K
  class space    used 6126K, capacity 6419K, committed 6528K, reserved 1048576K
Event: 7.912 GC heap after
Heap after GC invocations=24 (full 2):
 PSYoungGen      total 74752K, used 4303K [0x00000000fab00000, 0x0000000100000000, 0x0000000100000000)
  eden space 62464K, 0% used [0x00000000fab00000,0x00000000fab00000,0x00000000fe800000)
  from space 12288K, 35% used [0x00000000ff400000,0x00000000ff833dd8,0x0000000100000000)
  to   space 12288K, 0% used [0x00000000fe800000,0x00000000fe800000,0x00000000ff400000)
 ParOldGen       total 51200K, used 39247K [0x00000000f0000000, 0x00000000f3200000, 0x00000000fab00000)
  object space 51200K, 76% used [0x00000000f0000000,0x00000000f2653cc8,0x00000000f3200000)
 Metaspace       used 46225K, capacity 47826K, committed 47960K, reserved 1091584K
  class space    used 6126K, capacity 6419K, committed 6528K, reserved 1048576K
}
Event: 8.379 GC heap before
{Heap before GC invocations=25 (full 2):
 PSYoungGen      total 74752K, used 66767K [0x00000000fab00000, 0x0000000100000000, 0x0000000100000000)
  eden space 62464K, 100% used [0x00000000fab00000,0x00000000fe800000,0x00000000fe800000)
  from space 12288K, 35% used [0x00000000ff400000,0x00000000ff833dd8,0x0000000100000000)
  to   space 12288K, 0% used [0x00000000fe800000,0x00000000fe800000,0x00000000ff400000)
 ParOldGen       total 51200K, used 39247K [0x00000000f0000000, 0x00000000f3200000, 0x00000000fab00000)
  object space 51200K, 76% used [0x00000000f0000000,0x00000000f2653cc8,0x00000000f3200000)
 Metaspace       used 49272K, capacity 51036K, committed 51160K, reserved 1093632K
  class space    used 6487K, capacity 6828K, committed 6912K, reserved 1048576K

Deoptimization events (10 events):
Event: 8.132 Thread 0x000000000240e000 Uncommon trap: reason=class_check action=maybe_recompile pc=0x00000000085cfc40 method=java.io.FilterInputStream.read([BII)I @ 7
Event: 8.132 Thread 0x000000000240e000 Uncommon trap: reason=class_check action=maybe_recompile pc=0x0000000008b8c660 method=java.util.zip.InflaterInputStream.read([BII)I @ 100
Event: 8.132 Thread 0x000000000240e000 Uncommon trap: reason=class_check action=maybe_recompile pc=0x00000000085cfc40 method=java.io.FilterInputStream.read([BII)I @ 7
Event: 8.133 Thread 0x000000000240e000 Uncommon trap: reason=class_check action=maybe_recompile pc=0x00000000085cfc40 method=java.io.FilterInputStream.read([BII)I @ 7
Event: 8.133 Thread 0x000000000240e000 Uncommon trap: reason=class_check action=maybe_recompile pc=0x0000000008b8c660 method=java.util.zip.InflaterInputStream.read([BII)I @ 100
Event: 8.133 Thread 0x000000000240e000 Uncommon trap: reason=class_check action=maybe_recompile pc=0x0000000008b8c660 method=java.util.zip.InflaterInputStream.read([BII)I @ 100
Event: 8.286 Thread 0x000000000240e000 Uncommon trap: reason=unstable_if action=reinterpret pc=0x0000000008f3c698 method=java.lang.Class.privateGetMethodRecursive(Ljava/lang/String;[Ljava/lang/Class;ZLjava/lang/Class$MethodArray;)Ljava/lang/reflect/Method; @ 28
Event: 8.286 Thread 0x000000000240e000 Uncommon trap: reason=unstable_if action=reinterpret pc=0x000000000900ec68 method=java.lang.Class.privateGetMethodRecursive(Ljava/lang/String;[Ljava/lang/Class;ZLjava/lang/Class$MethodArray;)Ljava/lang/reflect/Method; @ 28
Event: 8.323 Thread 0x000000000240e000 Uncommon trap: reason=unstable_if action=reinterpret pc=0x0000000008ed9c9c method=java.lang.Class.cast(Ljava/lang/Object;)Ljava/lang/Object; @ 9
Event: 8.328 Thread 0x000000000240e000 Uncommon trap: reason=unstable_if action=reinterpret pc=0x000000000899d66c method=jdk.internal.org.objectweb.asm.Type.getArgumentsAndReturnSizes(Ljava/lang/String;)I @ 41

Classes redefined (0 events):
No events

Internal exceptions (10 events):
Event: 7.686 Thread 0x000000000240e000 Exception <a 'java/lang/ClassNotFoundException': org/springframework/beans/factory/AwareCustomizer> (0x00000000fd570c90) thrown at [C:\re\workspace\8-2-build-windows-amd64-cygwin\jdk8u211\12973\hotspot\src\share\vm\classfile\systemDictionary.cpp, line 210
Event: 7.687 Thread 0x000000000240e000 Exception <a 'java/lang/ClassNotFoundException': org/springframework/context/annotation/ImportAwareCustomizer> (0x00000000fd59afd8) thrown at [C:\re\workspace\8-2-build-windows-amd64-cygwin\jdk8u211\12973\hotspot\src\share\vm\classfile\systemDictionary.cp
Event: 7.687 Thread 0x000000000240e000 Exception <a 'java/lang/ClassNotFoundException': org/springframework/beans/factory/AwareCustomizer> (0x00000000fd5c0640) thrown at [C:\re\workspace\8-2-build-windows-amd64-cygwin\jdk8u211\12973\hotspot\src\share\vm\classfile\systemDictionary.cpp, line 210
Event: 7.687 Thread 0x000000000240e000 Implicit null exception at 0x0000000008c1973c to 0x0000000008c197b1
Event: 8.204 Thread 0x000000000240e000 Exception <a 'java/io/FileNotFoundException'> (0x00000000fd56ef10) thrown at [C:\re\workspace\8-2-build-windows-amd64-cygwin\jdk8u211\12973\hotspot\src\share\vm\prims\jni.cpp, line 710]
Event: 8.210 Thread 0x000000000240e000 Exception <a 'java/io/FileNotFoundException'> (0x00000000fd5d56e0) thrown at [C:\re\workspace\8-2-build-windows-amd64-cygwin\jdk8u211\12973\hotspot\src\share\vm\prims\jni.cpp, line 710]
Event: 8.211 Thread 0x000000000240e000 Exception <a 'java/io/FileNotFoundException'> (0x00000000fd5d6878) thrown at [C:\re\workspace\8-2-build-windows-amd64-cygwin\jdk8u211\12973\hotspot\src\share\vm\prims\jni.cpp, line 710]
Event: 8.246 Thread 0x000000000240e000 Exception <a 'java/lang/NoSuchMethodError': java.lang.Object.lambda$static$0(Ljava/lang/String;)Ljava/lang/String;> (0x00000000fd8f4958) thrown at [C:\re\workspace\8-2-build-windows-amd64-cygwin\jdk8u211\12973\hotspot\src\share\vm\interpreter\linkResolver
Event: 8.269 Thread 0x000000000240e000 Exception <a 'java/lang/NoSuchMethodError': java.lang.Object.lambda$static$0(Ljava/lang/String;Lio/micrometer/core/instrument/Meter$Type;Ljava/lang/String;)Ljava/lang/String;> (0x00000000fdbb54c0) thrown at [C:\re\workspace\8-2-build-windows-amd64-cygwin\
Event: 8.369 Thread 0x000000000240e000 Exception <a 'java/lang/reflect/InvocationTargetException'> (0x00000000fe6293a0) thrown at [C:\re\workspace\8-2-build-windows-amd64-cygwin\jdk8u211\12973\hotspot\src\share\vm\runtime\reflection.cpp, line 1092]

Events (10 events):
Event: 8.378 loading class com/netflix/config/DynamicProperty$7 done
Event: 8.378 loading class com/netflix/config/PropertyListener
Event: 8.378 loading class com/netflix/config/PropertyListener done
Event: 8.378 loading class org/slf4j/ext/EventData
Event: 8.378 loading class org/slf4j/ext/EventData done
Event: 8.379 loading class org/slf4j/ext/EventData
Event: 8.379 loading class org/slf4j/ext/EventData done
Event: 8.379 loading class com/netflix/config/DynamicPropertyFactory
Event: 8.379 loading class com/netflix/config/DynamicPropertyFactory done
Event: 8.379 Executing VM operation: ParallelGCFailedAllocation


Dynamic libraries:
0x000000013fe00000 - 0x000000013fe37000 	C:\Program Files\Java\jdk1.8.0_211\bin\javaw.exe
0x0000000076d00000 - 0x0000000076ea9000 	C:\Windows\SYSTEM32\ntdll.dll
0x00000000769a0000 - 0x0000000076abf000 	C:\Windows\system32\kernel32.dll
0x000007fefcce0000 - 0x000007fefcd4c000 	C:\Windows\system32\KERNELBASE.dll
0x000007fefe930000 - 0x000007fefea0b000 	C:\Windows\system32\ADVAPI32.dll
0x000007fefd300000 - 0x000007fefd39f000 	C:\Windows\system32\msvcrt.dll
0x000007fefe420000 - 0x000007fefe43f000 	C:\Windows\SYSTEM32\sechost.dll
0x000007fefebf0000 - 0x000007fefed1d000 	C:\Windows\system32\RPCRT4.dll
0x0000000076c00000 - 0x0000000076cfa000 	C:\Windows\system32\USER32.dll
0x000007fefd270000 - 0x000007fefd2d7000 	C:\Windows\system32\GDI32.dll
0x000007fefee00000 - 0x000007fefee0e000 	C:\Windows\system32\LPK.dll
0x000007fefd3a0000 - 0x000007fefd469000 	C:\Windows\system32\USP10.dll
0x000007fefb1c0000 - 0x000007fefb3b4000 	C:\Windows\WinSxS\amd64_microsoft.windows.common-controls_6595b64144ccf1df_6.0.7601.17514_none_fa396087175ac9ac\COMCTL32.dll
0x000007fefef90000 - 0x000007feff001000 	C:\Windows\system32\SHLWAPI.dll
0x000007fefeb40000 - 0x000007fefeb6e000 	C:\Windows\system32\IMM32.DLL
0x000007fefcf20000 - 0x000007fefd029000 	C:\Windows\system32\MSCTF.dll
0x000007fefc9f0000 - 0x000007fefca20000 	C:\Windows\system32\nvinitx.dll
0x000007fefc9e0000 - 0x000007fefc9ec000 	C:\Windows\system32\VERSION.dll
0x0000000073c80000 - 0x0000000073c86000 	C:\Program Files\NVIDIA Corporation\CoProcManager\detoured.dll
0x000007fef9950000 - 0x000007fef9988000 	C:\Program Files\NVIDIA Corporation\CoProcManager\nvd3d9wrapx.dll
0x000007fefe6a0000 - 0x000007fefe877000 	C:\Windows\system32\SETUPAPI.dll
0x000007fefcd60000 - 0x000007fefcd96000 	C:\Windows\system32\CFGMGR32.dll
0x000007fefed20000 - 0x000007fefedf7000 	C:\Windows\system32\OLEAUT32.dll
0x000007fefd470000 - 0x000007fefd673000 	C:\Windows\system32\ole32.dll
0x000007fefce40000 - 0x000007fefce5a000 	C:\Windows\system32\DEVOBJ.dll
0x000007fef9850000 - 0x000007fef9874000 	C:\Program Files\NVIDIA Corporation\CoProcManager\nvdxgiwrapx.dll
0x0000000069fd0000 - 0x000000006a0a2000 	C:\Program Files\Java\jdk1.8.0_211\jre\bin\msvcr100.dll
0x0000000007c00000 - 0x00000000084a5000 	C:\Program Files\Java\jdk1.8.0_211\jre\bin\server\jvm.dll
0x000007fefbc40000 - 0x000007fefbc49000 	C:\Windows\system32\WSOCK32.dll
0x000007fefe8e0000 - 0x000007fefe92d000 	C:\Windows\system32\WS2_32.dll
0x000007fefd680000 - 0x000007fefd688000 	C:\Windows\system32\NSI.dll
0x000007fefcad0000 - 0x000007fefcb0b000 	C:\Windows\system32\WINMM.dll
0x0000000076ec0000 - 0x0000000076ec7000 	C:\Windows\system32\PSAPI.DLL
0x000007fef5b40000 - 0x000007fef5b4f000 	C:\Program Files\Java\jdk1.8.0_211\jre\bin\verify.dll
0x000007fef5b10000 - 0x000007fef5b39000 	C:\Program Files\Java\jdk1.8.0_211\jre\bin\java.dll
0x000007fef44d0000 - 0x000007fef44e6000 	C:\Program Files\Java\jdk1.8.0_211\jre\bin\zip.dll
0x000007fefd690000 - 0x000007fefe418000 	C:\Windows\system32\SHELL32.dll
0x000007fefca20000 - 0x000007fefca2f000 	C:\Windows\system32\profapi.dll
0x000007fef9a30000 - 0x000007fef9a3d000 	C:\Program Files\Java\jdk1.8.0_211\jre\bin\management.dll
0x000007fef44b0000 - 0x000007fef44ca000 	C:\Program Files\Java\jdk1.8.0_211\jre\bin\net.dll
0x000007fefee10000 - 0x000007fefef88000 	C:\Windows\system32\urlmon.dll
0x000007fefea10000 - 0x000007fefeb3a000 	C:\Windows\system32\WININET.dll
0x000007fefe440000 - 0x000007fefe699000 	C:\Windows\system32\iertutil.dll
0x00000000075d0000 - 0x0000000007737000 	C:\Windows\system32\CRYPT32.dll
0x000007fefcac0000 - 0x000007fefcacf000 	C:\Windows\system32\MSASN1.dll
0x000007fefc230000 - 0x000007fefc285000 	C:\Windows\system32\mswsock.dll
0x000007fefc220000 - 0x000007fefc227000 	C:\Windows\System32\wship6.dll
0x000007fefab70000 - 0x000007fefab85000 	C:\Windows\system32\NLAapi.dll
0x000007fefa150000 - 0x000007fefa165000 	C:\Windows\system32\napinsp.dll
0x000007fef9f00000 - 0x000007fef9f19000 	C:\Windows\system32\pnrpnsp.dll
0x000007fefc0b0000 - 0x000007fefc10b000 	C:\Windows\system32\DNSAPI.dll
0x000007fef9ef0000 - 0x000007fef9efb000 	C:\Windows\System32\winrnr.dll
0x000007fef9ee0000 - 0x000007fef9ef0000 	C:\Windows\system32\wshbth.dll
0x0000000073de0000 - 0x0000000073e06000 	C:\Program Files\Bonjour\mdnsNSP.dll
0x000007fef9f20000 - 0x000007fef9f47000 	C:\Windows\system32\Iphlpapi.DLL
0x000007fef9ed0000 - 0x000007fef9edb000 	C:\Windows\system32\WINNSI.DLL
0x000007fefb940000 - 0x000007fefba4d000 	C:\Windows\SysWOW64\ierd_tgp_lsp64.dll
0x000007fefb930000 - 0x000007fefb933000 	C:\Windows\system32\api-ms-win-core-synch-l1-2-0.DLL
0x000007fefb910000 - 0x000007fefb917000 	C:\Windows\System32\wshtcpip.dll
0x000007fef4e90000 - 0x000007fef4e98000 	C:\Windows\system32\rasadhlp.dll
0x000007fef6e90000 - 0x000007fef6ee3000 	C:\Windows\System32\fwpuclnt.dll
0x000007fee0a40000 - 0x000007fee0a52000 	C:\Program Files\Java\jdk1.8.0_211\jre\bin\nio.dll
0x000007fef6e20000 - 0x000007fef6e31000 	C:\Windows\system32\dhcpcsvc6.DLL
0x000007fef6df0000 - 0x000007fef6e08000 	C:\Windows\system32\dhcpcsvc.DLL
0x000007fef5b70000 - 0x000007fef5b94000 	C:\Program Files\Java\jdk1.8.0_211\jre\bin\sunec.dll
0x000007fefc290000 - 0x000007fefc2a7000 	C:\Windows\system32\CRYPTSP.dll
0x000007fefbf90000 - 0x000007fefbfd7000 	C:\Windows\system32\rsaenh.dll
0x000007fefbca0000 - 0x000007fefbcbe000 	C:\Windows\system32\USERENV.dll
0x000007fefc910000 - 0x000007fefc91f000 	C:\Windows\system32\CRYPTBASE.dll
0x000007fef4fa0000 - 0x000007fef50c5000 	C:\Windows\system32\dbghelp.dll

VM Arguments:
jvm_args: -Xms64m -Xmx256m -Dfile.encoding=UTF-8 
java_command: com.Oauth2Application
java_class_path (initial): F:\new_ccb_workspace\fort_dev\fort-oauth2-service\target\classes;F:\maven_repository\org\springframework\boot\spring-boot-starter-web\2.1.5.RELEASE\spring-boot-starter-web-2.1.5.RELEASE.jar;F:\maven_repository\org\springframework\boot\spring-boot-starter\2.1.5.RELEASE\spring-boot-starter-2.1.5.RELEASE.jar;F:\maven_repository\org\springframework\boot\spring-boot\2.1.5.RELEASE\spring-boot-2.1.5.RELEASE.jar;F:\maven_repository\org\springframework\boot\spring-boot-autoconfigure\2.1.5.RELEASE\spring-boot-autoconfigure-2.1.5.RELEASE.jar;F:\maven_repository\javax\annotation\javax.annotation-api\1.3.2\javax.annotation-api-1.3.2.jar;F:\maven_repository\org\yaml\snakeyaml\1.23\snakeyaml-1.23.jar;F:\maven_repository\org\springframework\boot\spring-boot-starter-json\2.1.5.RELEASE\spring-boot-starter-json-2.1.5.RELEASE.jar;F:\maven_repository\com\fasterxml\jackson\datatype\jackson-datatype-jdk8\2.9.8\jackson-datatype-jdk8-2.9.8.jar;F:\maven_repository\com\fasterxml\jackson\datatype\jackson-datatype-jsr310\2.9.8\jackson-datatype-jsr310-2.9.8.jar;F:\maven_repository\com\fasterxml\jackson\module\jackson-module-parameter-names\2.9.8\jackson-module-parameter-names-2.9.8.jar;F:\maven_repository\org\springframework\boot\spring-boot-starter-tomcat\2.1.5.RELEASE\spring-boot-starter-tomcat-2.1.5.RELEASE.jar;F:\maven_repository\org\apache\tomcat\embed\tomcat-embed-core\9.0.19\tomcat-embed-core-9.0.19.jar;F:\maven_repository\org\apache\tomcat\embed\tomcat-embed-el\9.0.19\tomcat-embed-el-9.0.19.jar;F:\maven_repository\org\apache\tomcat\embed\tomcat-embed-websocket\9.0.19\tomcat-embed-websocket-9.0.19.jar;F:\maven_repository\org\hibernate\validator\hibernate-validator\6.0.16.Final\hibernate-validator-6.0.16.Final.jar;F:\maven_repository\javax\validation\validation-api\2.0.1.Final\validation-api-2.0.1.Final.jar;F:\maven_repository\org\jboss\logging\jboss-logging\3.3.2.Final\jboss-logging-3.3.2.Final.jar;F:\maven_repository\com\fasterxml\classmate\1.4.0\classmate-1.
Launcher Type: SUN_STANDARD

Environment Variables:
PATH=C:/Program Files/Java/jre1.8.0_211/bin/server;C:/Program Files/Java/jre1.8.0_211/bin;C:/Program Files/Java/jre1.8.0_211/lib/amd64;C:\Program Files (x86)\NetSarang\Xftp 6\;C:\Program Files (x86)\NetSarang\Xshell 6\;C:\Python27\;C:\Python27\Scripts;C:\Program Files (x86)\Common Files\Oracle\Java\javapath;C:\Windows\system32;C:\Windows;C:\Windows\System32\Wbem;C:\Windows\System32\WindowsPowerShell\v1.0\;C:\Program Files (x86)\EgisTec BioExcess\x64;C:\Program Files (x86)\EgisTec BioExcess\;C:\Program Files\nodejs\;C:\Program Files\TortoiseSVN\bin;D:\mysql-5.7.29-winx64\bin;C:\Program Files\MongoDB\Server\3.2\bin;C:\Users\Administrator\AppData\Roaming\npm;C:\Programs\Microsoft VS Code\bin;C:\Program Files\JetBrains\WebStorm 2020.1.2\bin;;D:\eclipse;
USERNAME=Administrator
OS=Windows_NT
PROCESSOR_IDENTIFIER=Intel64 Family 6 Model 60 Stepping 3, GenuineIntel



---------------  S Y S T E M  ---------------

OS: Windows 7 , 64 bit Build 7601 (6.1.7601.17617)

CPU:total 8 (initial active 8) (4 cores per cpu, 2 threads per core) family 6 model 60 stepping 3, cmov, cx8, fxsr, mmx, sse, sse2, sse3, ssse3, sse4.1, sse4.2, popcnt, avx, avx2, aes, clmul, erms, lzcnt, ht, tsc, tscinvbit, bmi1, bmi2

Memory: 4k page, physical 16695492k(1157364k free), swap 33389140k(16513904k free)

vm_info: Java HotSpot(TM) 64-Bit Server VM (25.211-b12) for windows-amd64 JRE (1.8.0_211-b12), built on Apr  1 2019 20:53:26 by "java_re" with MS VC++ 10.0 (VS2010)

time: Mon Jul 13 18:16:28 2020
timezone: 中国标准时间
elapsed time: 8 seconds (0d 0h 0m 8s)

